{"C:\\Projects\\VibeKit\\middleware.ts": {"path":"C:\\Projects\\VibeKit\\middleware.ts","statementMap":{"0":{"start":{"line":6,"column":26},"end":{"line":6,"column":35}},"1":{"start":{"line":7,"column":19},"end":{"line":7,"column":21}},"2":{"start":{"line":8,"column":20},"end":{"line":8,"column":59}},"3":{"start":{"line":9,"column":21},"end":{"line":9,"column":78}},"4":{"start":{"line":10,"column":25},"end":{"line":10,"column":39}},"5":{"start":{"line":11,"column":18},"end":{"line":11,"column":28}},"6":{"start":{"line":13,"column":24},"end":{"line":13,"column":36}},"7":{"start":{"line":16,"column":18},"end":{"line":16,"column":49}},"8":{"start":{"line":17,"column":17},"end":{"line":17,"column":50}},"9":{"start":{"line":18,"column":2},"end":{"line":21,"column":3}},"10":{"start":{"line":19,"column":4},"end":{"line":19,"column":63}},"11":{"start":{"line":20,"column":4},"end":{"line":20,"column":27}},"12":{"start":{"line":25,"column":23},"end":{"line":25,"column":38}},"13":{"start":{"line":27,"column":2},"end":{"line":81,"column":3}},"14":{"start":{"line":28,"column":24},"end":{"line":32,"column":5}},"15":{"start":{"line":34,"column":4},"end":{"line":39,"column":5}},"16":{"start":{"line":35,"column":23},"end":{"line":35,"column":42}},"17":{"start":{"line":36,"column":6},"end":{"line":36,"column":94}},"18":{"start":{"line":36,"column":60},"end":{"line":36,"column":92}},"19":{"start":{"line":37,"column":6},"end":{"line":37,"column":95}},"20":{"start":{"line":38,"column":6},"end":{"line":38,"column":22}},"21":{"start":{"line":40,"column":4},"end":{"line":42,"column":5}},"22":{"start":{"line":41,"column":6},"end":{"line":41,"column":75}},"23":{"start":{"line":44,"column":15},"end":{"line":44,"column":66}},"24":{"start":{"line":45,"column":16},"end":{"line":45,"column":26}},"25":{"start":{"line":46,"column":16},"end":{"line":46,"column":36}},"26":{"start":{"line":47,"column":4},"end":{"line":52,"column":5}},"27":{"start":{"line":48,"column":6},"end":{"line":48,"column":54}},"28":{"start":{"line":49,"column":6},"end":{"line":49,"column":34}},"29":{"start":{"line":51,"column":6},"end":{"line":51,"column":31}},"30":{"start":{"line":53,"column":4},"end":{"line":62,"column":5}},"31":{"start":{"line":54,"column":6},"end":{"line":54,"column":24}},"32":{"start":{"line":56,"column":20},"end":{"line":56,"column":82}},"33":{"start":{"line":57,"column":18},"end":{"line":57,"column":96}},"34":{"start":{"line":58,"column":6},"end":{"line":58,"column":66}},"35":{"start":{"line":59,"column":6},"end":{"line":59,"column":52}},"36":{"start":{"line":60,"column":6},"end":{"line":60,"column":61}},"37":{"start":{"line":61,"column":6},"end":{"line":61,"column":17}},"38":{"start":{"line":64,"column":22},"end":{"line":64,"column":34}},"39":{"start":{"line":65,"column":18},"end":{"line":65,"column":80}},"40":{"start":{"line":66,"column":19},"end":{"line":66,"column":38}},"41":{"start":{"line":67,"column":4},"end":{"line":67,"column":90}},"42":{"start":{"line":67,"column":58},"end":{"line":67,"column":88}},"43":{"start":{"line":68,"column":4},"end":{"line":68,"column":67}},"44":{"start":{"line":69,"column":4},"end":{"line":69,"column":70}},"45":{"start":{"line":70,"column":4},"end":{"line":70,"column":62}},"46":{"start":{"line":72,"column":4},"end":{"line":79,"column":5}},"47":{"start":{"line":73,"column":6},"end":{"line":77,"column":7}},"48":{"start":{"line":74,"column":8},"end":{"line":76,"column":9}},"49":{"start":{"line":75,"column":10},"end":{"line":75,"column":34}},"50":{"start":{"line":78,"column":6},"end":{"line":78,"column":24}},"51":{"start":{"line":80,"column":4},"end":{"line":80,"column":18}},"52":{"start":{"line":83,"column":24},"end":{"line":83,"column":54}},"53":{"start":{"line":84,"column":27},"end":{"line":84,"column":63}},"54":{"start":{"line":86,"column":2},"end":{"line":88,"column":3}},"55":{"start":{"line":87,"column":4},"end":{"line":87,"column":67}},"56":{"start":{"line":90,"column":14},"end":{"line":90,"column":33}},"57":{"start":{"line":92,"column":2},"end":{"line":115,"column":3}},"58":{"start":{"line":93,"column":4},"end":{"line":114,"column":5}},"59":{"start":{"line":94,"column":21},"end":{"line":94,"column":59}},"60":{"start":{"line":95,"column":30},"end":{"line":95,"column":72}},"61":{"start":{"line":97,"column":6},"end":{"line":107,"column":9}},"62":{"start":{"line":109,"column":6},"end":{"line":109,"column":54}},"63":{"start":{"line":110,"column":6},"end":{"line":110,"column":36}},"64":{"start":{"line":111,"column":6},"end":{"line":113,"column":7}},"65":{"start":{"line":112,"column":8},"end":{"line":112,"column":71}},"66":{"start":{"line":117,"column":2},"end":{"line":117,"column":13}},"67":{"start":{"line":120,"column":22},"end":{"line":122,"column":1}}},"fnMap":{"0":{"name":"refillTokens","decl":{"start":{"line":15,"column":9},"end":{"line":15,"column":21}},"loc":{"start":{"line":15,"column":82},"end":{"line":22,"column":1}},"line":15},"1":{"name":"middleware","decl":{"start":{"line":24,"column":22},"end":{"line":24,"column":32}},"loc":{"start":{"line":24,"column":55},"end":{"line":118,"column":1}},"line":24},"2":{"name":"(anonymous_2)","decl":{"start":{"line":36,"column":42},"end":{"line":36,"column":43}},"loc":{"start":{"line":36,"column":60},"end":{"line":36,"column":92}},"line":36},"3":{"name":"(anonymous_3)","decl":{"start":{"line":67,"column":40},"end":{"line":67,"column":41}},"loc":{"start":{"line":67,"column":58},"end":{"line":67,"column":88}},"line":67}},"branchMap":{"0":{"loc":{"start":{"line":18,"column":2},"end":{"line":21,"column":3}},"type":"if","locations":[{"start":{"line":18,"column":2},"end":{"line":21,"column":3}},{"start":{},"end":{}}],"line":18},"1":{"loc":{"start":{"line":27,"column":2},"end":{"line":81,"column":3}},"type":"if","locations":[{"start":{"line":27,"column":2},"end":{"line":81,"column":3}},{"start":{},"end":{}}],"line":27},"2":{"loc":{"start":{"line":34,"column":4},"end":{"line":39,"column":5}},"type":"if","locations":[{"start":{"line":34,"column":4},"end":{"line":39,"column":5}},{"start":{},"end":{}}],"line":34},"3":{"loc":{"start":{"line":40,"column":4},"end":{"line":42,"column":5}},"type":"if","locations":[{"start":{"line":40,"column":4},"end":{"line":42,"column":5}},{"start":{},"end":{}}],"line":40},"4":{"loc":{"start":{"line":44,"column":15},"end":{"line":44,"column":66}},"type":"binary-expr","locations":[{"start":{"line":44,"column":15},"end":{"line":44,"column":53}},{"start":{"line":44,"column":57},"end":{"line":44,"column":66}}],"line":44},"5":{"loc":{"start":{"line":47,"column":4},"end":{"line":52,"column":5}},"type":"if","locations":[{"start":{"line":47,"column":4},"end":{"line":52,"column":5}},{"start":{"line":50,"column":11},"end":{"line":52,"column":5}}],"line":47},"6":{"loc":{"start":{"line":53,"column":4},"end":{"line":62,"column":5}},"type":"if","locations":[{"start":{"line":53,"column":4},"end":{"line":62,"column":5}},{"start":{"line":55,"column":11},"end":{"line":62,"column":5}}],"line":53},"7":{"loc":{"start":{"line":72,"column":4},"end":{"line":79,"column":5}},"type":"if","locations":[{"start":{"line":72,"column":4},"end":{"line":79,"column":5}},{"start":{},"end":{}}],"line":72},"8":{"loc":{"start":{"line":74,"column":8},"end":{"line":76,"column":9}},"type":"if","locations":[{"start":{"line":74,"column":8},"end":{"line":76,"column":9}},{"start":{},"end":{}}],"line":74},"9":{"loc":{"start":{"line":86,"column":2},"end":{"line":88,"column":3}},"type":"if","locations":[{"start":{"line":86,"column":2},"end":{"line":88,"column":3}},{"start":{},"end":{}}],"line":86},"10":{"loc":{"start":{"line":86,"column":6},"end":{"line":86,"column":40}},"type":"binary-expr","locations":[{"start":{"line":86,"column":6},"end":{"line":86,"column":22}},{"start":{"line":86,"column":26},"end":{"line":86,"column":40}}],"line":86},"11":{"loc":{"start":{"line":92,"column":2},"end":{"line":115,"column":3}},"type":"if","locations":[{"start":{"line":92,"column":2},"end":{"line":115,"column":3}},{"start":{},"end":{}}],"line":92},"12":{"loc":{"start":{"line":92,"column":6},"end":{"line":92,"column":47}},"type":"binary-expr","locations":[{"start":{"line":92,"column":6},"end":{"line":92,"column":19}},{"start":{"line":92,"column":23},"end":{"line":92,"column":47}}],"line":92},"13":{"loc":{"start":{"line":111,"column":6},"end":{"line":113,"column":7}},"type":"if","locations":[{"start":{"line":111,"column":6},"end":{"line":113,"column":7}},{"start":{},"end":{}}],"line":111}},"s":{"0":1,"1":1,"2":1,"3":1,"4":1,"5":1,"6":1,"7":0,"8":0,"9":0,"10":0,"11":0,"12":2,"13":2,"14":1,"15":1,"16":0,"17":0,"18":0,"19":0,"20":0,"21":1,"22":1,"23":0,"24":0,"25":0,"26":0,"27":0,"28":0,"29":0,"30":0,"31":0,"32":0,"33":0,"34":0,"35":0,"36":0,"37":0,"38":0,"39":0,"40":0,"41":0,"42":0,"43":0,"44":0,"45":0,"46":0,"47":0,"48":0,"49":0,"50":0,"51":0,"52":1,"53":1,"54":1,"55":1,"56":0,"57":0,"58":0,"59":0,"60":0,"61":0,"62":0,"63":0,"64":0,"65":0,"66":0,"67":1},"f":{"0":0,"1":2,"2":0,"3":0},"b":{"0":[0,0],"1":[1,1],"2":[0,1],"3":[1,0],"4":[0,0],"5":[0,0],"6":[0,0],"7":[0,0],"8":[0,0],"9":[1,0],"10":[1,1],"11":[0,0],"12":[0,0],"13":[0,0]},"_coverageSchema":"1a1c01bbd47fc00a2c39e90264f33305004495a9","hash":"cfa17c7a05eef6a7bda958c0e356237700dd590c"}
,"C:\\Projects\\VibeKit\\app\\api\\stripe\\checkout\\route.ts": {"path":"C:\\Projects\\VibeKit\\app\\api\\stripe\\checkout\\route.ts","statementMap":{"0":{"start":{"line":11,"column":18},"end":{"line":11,"column":36}},"1":{"start":{"line":12,"column":2},"end":{"line":14,"column":3}},"2":{"start":{"line":13,"column":4},"end":{"line":13,"column":91}},"3":{"start":{"line":16,"column":38},"end":{"line":16,"column":58}},"4":{"start":{"line":17,"column":2},"end":{"line":19,"column":3}},"5":{"start":{"line":18,"column":4},"end":{"line":18,"column":109}},"6":{"start":{"line":21,"column":2},"end":{"line":35,"column":3}},"7":{"start":{"line":22,"column":20},"end":{"line":29,"column":6}},"8":{"start":{"line":31,"column":4},"end":{"line":31,"column":82}},"9":{"start":{"line":33,"column":4},"end":{"line":33,"column":61}},"10":{"start":{"line":34,"column":4},"end":{"line":34,"column":93}}},"fnMap":{"0":{"name":"POST","decl":{"start":{"line":10,"column":22},"end":{"line":10,"column":26}},"loc":{"start":{"line":10,"column":49},"end":{"line":36,"column":1}},"line":10}},"branchMap":{"0":{"loc":{"start":{"line":12,"column":2},"end":{"line":14,"column":3}},"type":"if","locations":[{"start":{"line":12,"column":2},"end":{"line":14,"column":3}},{"start":{},"end":{}}],"line":12},"1":{"loc":{"start":{"line":17,"column":2},"end":{"line":19,"column":3}},"type":"if","locations":[{"start":{"line":17,"column":2},"end":{"line":19,"column":3}},{"start":{},"end":{}}],"line":17},"2":{"loc":{"start":{"line":31,"column":54},"end":{"line":31,"column":78}},"type":"binary-expr","locations":[{"start":{"line":31,"column":54},"end":{"line":31,"column":65}},{"start":{"line":31,"column":69},"end":{"line":31,"column":78}}],"line":31}},"s":{"0":1,"1":0,"2":0,"3":0,"4":0,"5":0,"6":0,"7":0,"8":0,"9":0,"10":0},"f":{"0":1},"b":{"0":[0,0],"1":[0,0],"2":[0,0]},"_coverageSchema":"1a1c01bbd47fc00a2c39e90264f33305004495a9","hash":"43eee15bef346fde998806cd9b6402a838246039"}
,"C:\\Projects\\VibeKit\\app\\api\\stripe\\webhook\\route.ts": {"path":"C:\\Projects\\VibeKit\\app\\api\\stripe\\webhook\\route.ts","statementMap":{"0":{"start":{"line":5,"column":22},"end":{"line":5,"column":55}},"1":{"start":{"line":6,"column":0},"end":{"line":9,"column":1}},"2":{"start":{"line":7,"column":2},"end":{"line":7,"column":72}},"3":{"start":{"line":8,"column":2},"end":{"line":8,"column":72}},"4":{"start":{"line":12,"column":18},"end":{"line":12,"column":38}},"5":{"start":{"line":13,"column":20},"end":{"line":13,"column":69}},"6":{"start":{"line":17,"column":2},"end":{"line":22,"column":3}},"7":{"start":{"line":18,"column":4},"end":{"line":18,"column":79}},"8":{"start":{"line":20,"column":4},"end":{"line":20,"column":65}},"9":{"start":{"line":21,"column":4},"end":{"line":21,"column":99}},"10":{"start":{"line":24,"column":2},"end":{"line":48,"column":3}},"11":{"start":{"line":27,"column":27},"end":{"line":27,"column":67}},"12":{"start":{"line":28,"column":6},"end":{"line":28,"column":51}},"13":{"start":{"line":29,"column":6},"end":{"line":29,"column":12}},"14":{"start":{"line":31,"column":22},"end":{"line":31,"column":66}},"15":{"start":{"line":32,"column":6},"end":{"line":43,"column":7}},"16":{"start":{"line":33,"column":8},"end":{"line":40,"column":9}},"17":{"start":{"line":34,"column":31},"end":{"line":36,"column":11}},"18":{"start":{"line":37,"column":10},"end":{"line":37,"column":55}},"19":{"start":{"line":39,"column":10},"end":{"line":39,"column":80}},"20":{"start":{"line":42,"column":8},"end":{"line":42,"column":83}},"21":{"start":{"line":44,"column":6},"end":{"line":44,"column":12}},"22":{"start":{"line":47,"column":6},"end":{"line":47,"column":56}},"23":{"start":{"line":50,"column":2},"end":{"line":50,"column":47}}},"fnMap":{"0":{"name":"POST","decl":{"start":{"line":11,"column":22},"end":{"line":11,"column":26}},"loc":{"start":{"line":11,"column":49},"end":{"line":51,"column":1}},"line":11}},"branchMap":{"0":{"loc":{"start":{"line":6,"column":0},"end":{"line":9,"column":1}},"type":"if","locations":[{"start":{"line":6,"column":0},"end":{"line":9,"column":1}},{"start":{},"end":{}}],"line":6},"1":{"loc":{"start":{"line":24,"column":2},"end":{"line":48,"column":3}},"type":"switch","locations":[{"start":{"line":25,"column":4},"end":{"line":25,"column":41}},{"start":{"line":26,"column":4},"end":{"line":29,"column":12}},{"start":{"line":30,"column":4},"end":{"line":45,"column":5}},{"start":{"line":46,"column":4},"end":{"line":47,"column":56}}],"line":24},"2":{"loc":{"start":{"line":32,"column":6},"end":{"line":43,"column":7}},"type":"if","locations":[{"start":{"line":32,"column":6},"end":{"line":43,"column":7}},{"start":{"line":41,"column":13},"end":{"line":43,"column":7}}],"line":32}},"s":{"0":1,"1":1,"2":0,"3":0,"4":0,"5":0,"6":0,"7":0,"8":0,"9":0,"10":0,"11":0,"12":0,"13":0,"14":0,"15":0,"16":0,"17":0,"18":0,"19":0,"20":0,"21":0,"22":0,"23":0},"f":{"0":0},"b":{"0":[0,1],"1":[0,0,0,0],"2":[0,0]},"_coverageSchema":"1a1c01bbd47fc00a2c39e90264f33305004495a9","hash":"f4df3559b50bfc596edd5b6313e0c01a4741ef9f"}
,"C:\\Projects\\VibeKit\\app\\api\\usage\\route.ts": {"path":"C:\\Projects\\VibeKit\\app\\api\\usage\\route.ts","statementMap":{"0":{"start":{"line":8,"column":27},"end":{"line":8,"column":43}},"1":{"start":{"line":9,"column":17},"end":{"line":9,"column":43}},"2":{"start":{"line":10,"column":17},"end":{"line":10,"column":43}},"3":{"start":{"line":11,"column":15},"end":{"line":11,"column":54}},"4":{"start":{"line":12,"column":16},"end":{"line":12,"column":57}},"5":{"start":{"line":13,"column":20},"end":{"line":13,"column":49}},"6":{"start":{"line":14,"column":18},"end":{"line":14,"column":45}},"7":{"start":{"line":15,"column":2},"end":{"line":17,"column":3}},"8":{"start":{"line":16,"column":4},"end":{"line":16,"column":85}},"9":{"start":{"line":19,"column":25},"end":{"line":19,"column":27}},"10":{"start":{"line":20,"column":2},"end":{"line":20,"column":62}},"11":{"start":{"line":20,"column":14},"end":{"line":20,"column":62}},"12":{"start":{"line":21,"column":2},"end":{"line":21,"column":62}},"13":{"start":{"line":21,"column":14},"end":{"line":21,"column":62}},"14":{"start":{"line":22,"column":2},"end":{"line":22,"column":73}},"15":{"start":{"line":22,"column":17},"end":{"line":22,"column":73}},"16":{"start":{"line":23,"column":2},"end":{"line":23,"column":69}},"17":{"start":{"line":23,"column":15},"end":{"line":23,"column":69}},"18":{"start":{"line":25,"column":15},"end":{"line":31,"column":31}},"19":{"start":{"line":33,"column":38},"end":{"line":40,"column":5}},"20":{"start":{"line":33,"column":57},"end":{"line":40,"column":3}},"21":{"start":{"line":42,"column":2},"end":{"line":46,"column":5}}},"fnMap":{"0":{"name":"GET","decl":{"start":{"line":7,"column":22},"end":{"line":7,"column":25}},"loc":{"start":{"line":7,"column":44},"end":{"line":47,"column":1}},"line":7},"1":{"name":"(anonymous_1)","decl":{"start":{"line":33,"column":47},"end":{"line":33,"column":48}},"loc":{"start":{"line":33,"column":57},"end":{"line":40,"column":3}},"line":33}},"branchMap":{"0":{"loc":{"start":{"line":11,"column":22},"end":{"line":11,"column":53}},"type":"binary-expr","locations":[{"start":{"line":11,"column":22},"end":{"line":11,"column":46}},{"start":{"line":11,"column":50},"end":{"line":11,"column":53}}],"line":11},"1":{"loc":{"start":{"line":12,"column":23},"end":{"line":12,"column":56}},"type":"binary-expr","locations":[{"start":{"line":12,"column":23},"end":{"line":12,"column":48}},{"start":{"line":12,"column":52},"end":{"line":12,"column":56}}],"line":12},"2":{"loc":{"start":{"line":15,"column":2},"end":{"line":17,"column":3}},"type":"if","locations":[{"start":{"line":15,"column":2},"end":{"line":17,"column":3}},{"start":{},"end":{}}],"line":15},"3":{"loc":{"start":{"line":15,"column":6},"end":{"line":15,"column":24}},"type":"binary-expr","locations":[{"start":{"line":15,"column":6},"end":{"line":15,"column":13}},{"start":{"line":15,"column":17},"end":{"line":15,"column":24}}],"line":15},"4":{"loc":{"start":{"line":20,"column":2},"end":{"line":20,"column":62}},"type":"if","locations":[{"start":{"line":20,"column":2},"end":{"line":20,"column":62}},{"start":{},"end":{}}],"line":20},"5":{"loc":{"start":{"line":21,"column":2},"end":{"line":21,"column":62}},"type":"if","locations":[{"start":{"line":21,"column":2},"end":{"line":21,"column":62}},{"start":{},"end":{}}],"line":21},"6":{"loc":{"start":{"line":22,"column":2},"end":{"line":22,"column":73}},"type":"if","locations":[{"start":{"line":22,"column":2},"end":{"line":22,"column":73}},{"start":{},"end":{}}],"line":22},"7":{"loc":{"start":{"line":23,"column":2},"end":{"line":23,"column":69}},"type":"if","locations":[{"start":{"line":23,"column":2},"end":{"line":23,"column":69}},{"start":{},"end":{}}],"line":23},"8":{"loc":{"start":{"line":28,"column":11},"end":{"line":28,"column":60}},"type":"cond-expr","locations":[{"start":{"line":28,"column":32},"end":{"line":28,"column":47}},{"start":{"line":28,"column":50},"end":{"line":28,"column":60}}],"line":28},"9":{"loc":{"start":{"line":35,"column":13},"end":{"line":35,"column":37}},"type":"binary-expr","locations":[{"start":{"line":35,"column":13},"end":{"line":35,"column":24}},{"start":{"line":35,"column":28},"end":{"line":35,"column":37}}],"line":35},"10":{"loc":{"start":{"line":36,"column":13},"end":{"line":36,"column":37}},"type":"binary-expr","locations":[{"start":{"line":36,"column":13},"end":{"line":36,"column":24}},{"start":{"line":36,"column":28},"end":{"line":36,"column":37}}],"line":36},"11":{"loc":{"start":{"line":39,"column":12},"end":{"line":39,"column":35}},"type":"binary-expr","locations":[{"start":{"line":39,"column":12},"end":{"line":39,"column":22}},{"start":{"line":39,"column":26},"end":{"line":39,"column":35}}],"line":39}},"s":{"0":1,"1":1,"2":1,"3":1,"4":1,"5":1,"6":1,"7":1,"8":0,"9":1,"10":1,"11":1,"12":1,"13":0,"14":1,"15":0,"16":1,"17":0,"18":1,"19":0,"20":0,"21":0},"f":{"0":1,"1":0},"b":{"0":[1,1],"1":[1,1],"2":[0,1],"3":[1,0],"4":[1,0],"5":[0,1],"6":[0,1],"7":[0,1],"8":[0,1],"9":[0,0],"10":[0,0],"11":[0,0]},"_coverageSchema":"1a1c01bbd47fc00a2c39e90264f33305004495a9","hash":"eed8bc134c5f77470e7e4bd2b6124f4685c94cbc"}
,"C:\\Projects\\VibeKit\\config\\env.ts": {"path":"C:\\Projects\\VibeKit\\config\\env.ts","statementMap":{"0":{"start":{"line":23,"column":18},"end":{"line":34,"column":2}},"1":{"start":{"line":33,"column":43},"end":{"line":33,"column":57}},"2":{"start":{"line":37,"column":17},"end":{"line":37,"column":49}},"3":{"start":{"line":38,"column":2},"end":{"line":41,"column":3}},"4":{"start":{"line":39,"column":4},"end":{"line":39,"column":88}},"5":{"start":{"line":40,"column":4},"end":{"line":40,"column":88}},"6":{"start":{"line":42,"column":2},"end":{"line":42,"column":21}}},"fnMap":{"0":{"name":"(anonymous_0)","decl":{"start":{"line":33,"column":34},"end":{"line":33,"column":35}},"loc":{"start":{"line":33,"column":43},"end":{"line":33,"column":57}},"line":33},"1":{"name":"loadEnv","decl":{"start":{"line":36,"column":16},"end":{"line":36,"column":23}},"loc":{"start":{"line":36,"column":37},"end":{"line":43,"column":1}},"line":36}},"branchMap":{"0":{"loc":{"start":{"line":38,"column":2},"end":{"line":41,"column":3}},"type":"if","locations":[{"start":{"line":38,"column":2},"end":{"line":41,"column":3}},{"start":{},"end":{}}],"line":38}},"s":{"0":6,"1":14,"2":14,"3":14,"4":0,"5":0,"6":14},"f":{"0":14,"1":14},"b":{"0":[0,14]},"_coverageSchema":"1a1c01bbd47fc00a2c39e90264f33305004495a9","hash":"a743a47654c0ebffa49d9e6aac80ca07d98c8de2"}
,"C:\\Projects\\VibeKit\\lib\\auth\\session.ts": {"path":"C:\\Projects\\VibeKit\\lib\\auth\\session.ts","statementMap":{"0":{"start":{"line":8,"column":0},"end":{"line":8,"column":10}},"1":{"start":{"line":10,"column":12},"end":{"line":10,"column":61}},"2":{"start":{"line":11,"column":20},"end":{"line":11,"column":22}},"3":{"start":{"line":14,"column":2},"end":{"line":14,"column":37}},"4":{"start":{"line":18,"column":2},"end":{"line":18,"column":52}},"5":{"start":{"line":27,"column":2},"end":{"line":31,"column":15}},"6":{"start":{"line":35,"column":22},"end":{"line":37,"column":4}},"7":{"start":{"line":38,"column":2},"end":{"line":38,"column":32}},"8":{"start":{"line":42,"column":18},"end":{"line":42,"column":57}},"9":{"start":{"line":43,"column":2},"end":{"line":43,"column":28}},"10":{"start":{"line":43,"column":16},"end":{"line":43,"column":28}},"11":{"start":{"line":44,"column":2},"end":{"line":44,"column":36}},"12":{"start":{"line":48,"column":26},"end":{"line":48,"column":68}},"13":{"start":{"line":49,"column":31},"end":{"line":52,"column":3}},"14":{"start":{"line":53,"column":27},"end":{"line":53,"column":51}},"15":{"start":{"line":54,"column":2},"end":{"line":59,"column":5}}},"fnMap":{"0":{"name":"hashPassword","decl":{"start":{"line":13,"column":22},"end":{"line":13,"column":34}},"loc":{"start":{"line":13,"column":53},"end":{"line":15,"column":1}},"line":13},"1":{"name":"comparePasswords","decl":{"start":{"line":17,"column":22},"end":{"line":17,"column":38}},"loc":{"start":{"line":17,"column":90},"end":{"line":19,"column":1}},"line":17},"2":{"name":"signToken","decl":{"start":{"line":26,"column":22},"end":{"line":26,"column":31}},"loc":{"start":{"line":26,"column":54},"end":{"line":32,"column":1}},"line":26},"3":{"name":"verifyToken","decl":{"start":{"line":34,"column":22},"end":{"line":34,"column":33}},"loc":{"start":{"line":34,"column":49},"end":{"line":39,"column":1}},"line":34},"4":{"name":"getSession","decl":{"start":{"line":41,"column":22},"end":{"line":41,"column":32}},"loc":{"start":{"line":41,"column":35},"end":{"line":45,"column":1}},"line":41},"5":{"name":"setSession","decl":{"start":{"line":47,"column":22},"end":{"line":47,"column":32}},"loc":{"start":{"line":47,"column":48},"end":{"line":60,"column":1}},"line":47}},"branchMap":{"0":{"loc":{"start":{"line":43,"column":2},"end":{"line":43,"column":28}},"type":"if","locations":[{"start":{"line":43,"column":2},"end":{"line":43,"column":28}},{"start":{},"end":{}}],"line":43}},"s":{"0":5,"1":5,"2":5,"3":0,"4":0,"5":0,"6":0,"7":0,"8":1,"9":0,"10":0,"11":0,"12":0,"13":0,"14":0,"15":0},"f":{"0":0,"1":0,"2":0,"3":0,"4":1,"5":0},"b":{"0":[0,0]},"_coverageSchema":"1a1c01bbd47fc00a2c39e90264f33305004495a9","hash":"48e92df23557152d1a8c7464e3e777c54b8881dd"}
,"C:\\Projects\\VibeKit\\lib\\db\\drizzle.ts": {"path":"C:\\Projects\\VibeKit\\lib\\db\\drizzle.ts","statementMap":{"0":{"start":{"line":7,"column":0},"end":{"line":7,"column":10}},"1":{"start":{"line":9,"column":0},"end":{"line":11,"column":1}},"2":{"start":{"line":10,"column":2},"end":{"line":10,"column":66}},"3":{"start":{"line":13,"column":22},"end":{"line":13,"column":56}},"4":{"start":{"line":14,"column":18},"end":{"line":14,"column":45}}},"fnMap":{},"branchMap":{"0":{"loc":{"start":{"line":9,"column":0},"end":{"line":11,"column":1}},"type":"if","locations":[{"start":{"line":9,"column":0},"end":{"line":11,"column":1}},{"start":{},"end":{}}],"line":9}},"s":{"0":5,"1":5,"2":0,"3":5,"4":5},"f":{},"b":{"0":[0,5]},"_coverageSchema":"1a1c01bbd47fc00a2c39e90264f33305004495a9","hash":"4c3583dc46d0bdfa7354938c11f8096cac2221e2"}
,"C:\\Projects\\VibeKit\\lib\\db\\queries.ts": {"path":"C:\\Projects\\VibeKit\\lib\\db\\queries.ts","statementMap":{"0":{"start":{"line":8,"column":24},"end":{"line":8,"column":56}},"1":{"start":{"line":9,"column":2},"end":{"line":11,"column":3}},"2":{"start":{"line":10,"column":4},"end":{"line":10,"column":16}},"3":{"start":{"line":13,"column":22},"end":{"line":13,"column":60}},"4":{"start":{"line":14,"column":2},"end":{"line":16,"column":3}},"5":{"start":{"line":15,"column":4},"end":{"line":15,"column":16}},"6":{"start":{"line":18,"column":2},"end":{"line":20,"column":3}},"7":{"start":{"line":19,"column":4},"end":{"line":19,"column":16}},"8":{"start":{"line":22,"column":15},"end":{"line":26,"column":13}},"9":{"start":{"line":28,"column":2},"end":{"line":30,"column":3}},"10":{"start":{"line":29,"column":4},"end":{"line":29,"column":16}},"11":{"start":{"line":32,"column":2},"end":{"line":32,"column":17}},"12":{"start":{"line":36,"column":17},"end":{"line":40,"column":13}},"13":{"start":{"line":42,"column":2},"end":{"line":42,"column":46}},"14":{"start":{"line":59,"column":2},"end":{"line":68,"column":33}},"15":{"start":{"line":72,"column":17},"end":{"line":80,"column":13}},"16":{"start":{"line":82,"column":2},"end":{"line":82,"column":19}},"17":{"start":{"line":86,"column":15},"end":{"line":86,"column":30}},"18":{"start":{"line":87,"column":2},"end":{"line":89,"column":3}},"19":{"start":{"line":88,"column":4},"end":{"line":88,"column":46}},"20":{"start":{"line":91,"column":2},"end":{"line":103,"column":15}},"21":{"start":{"line":107,"column":17},"end":{"line":130,"column":4}},"22":{"start":{"line":132,"column":2},"end":{"line":132,"column":47}},"23":{"start":{"line":136,"column":17},"end":{"line":136,"column":85}},"24":{"start":{"line":137,"column":2},"end":{"line":137,"column":27}}},"fnMap":{"0":{"name":"getUser","decl":{"start":{"line":7,"column":22},"end":{"line":7,"column":29}},"loc":{"start":{"line":7,"column":32},"end":{"line":33,"column":1}},"line":7},"1":{"name":"getTeamByStripeCustomerId","decl":{"start":{"line":35,"column":22},"end":{"line":35,"column":47}},"loc":{"start":{"line":35,"column":68},"end":{"line":43,"column":1}},"line":35},"2":{"name":"updateTeamSubscription","decl":{"start":{"line":45,"column":22},"end":{"line":45,"column":44}},"loc":{"start":{"line":58,"column":2},"end":{"line":69,"column":1}},"line":58},"3":{"name":"getUserWithTeam","decl":{"start":{"line":71,"column":22},"end":{"line":71,"column":37}},"loc":{"start":{"line":71,"column":54},"end":{"line":83,"column":1}},"line":71},"4":{"name":"getActivityLogs","decl":{"start":{"line":85,"column":22},"end":{"line":85,"column":37}},"loc":{"start":{"line":85,"column":40},"end":{"line":104,"column":1}},"line":85},"5":{"name":"getTeamForUser","decl":{"start":{"line":106,"column":22},"end":{"line":106,"column":36}},"loc":{"start":{"line":106,"column":53},"end":{"line":133,"column":1}},"line":106},"6":{"name":"getUserByEmail","decl":{"start":{"line":135,"column":22},"end":{"line":135,"column":36}},"loc":{"start":{"line":135,"column":52},"end":{"line":138,"column":1}},"line":135}},"branchMap":{"0":{"loc":{"start":{"line":9,"column":2},"end":{"line":11,"column":3}},"type":"if","locations":[{"start":{"line":9,"column":2},"end":{"line":11,"column":3}},{"start":{},"end":{}}],"line":9},"1":{"loc":{"start":{"line":9,"column":6},"end":{"line":9,"column":44}},"type":"binary-expr","locations":[{"start":{"line":9,"column":6},"end":{"line":9,"column":20}},{"start":{"line":9,"column":24},"end":{"line":9,"column":44}}],"line":9},"2":{"loc":{"start":{"line":14,"column":2},"end":{"line":16,"column":3}},"type":"if","locations":[{"start":{"line":14,"column":2},"end":{"line":16,"column":3}},{"start":{},"end":{}}],"line":14},"3":{"loc":{"start":{"line":14,"column":6},"end":{"line":14,"column":82}},"type":"binary-expr","locations":[{"start":{"line":14,"column":6},"end":{"line":14,"column":18}},{"start":{"line":14,"column":22},"end":{"line":14,"column":39}},{"start":{"line":14,"column":43},"end":{"line":14,"column":82}}],"line":14},"4":{"loc":{"start":{"line":18,"column":2},"end":{"line":20,"column":3}},"type":"if","locations":[{"start":{"line":18,"column":2},"end":{"line":20,"column":3}},{"start":{},"end":{}}],"line":18},"5":{"loc":{"start":{"line":28,"column":2},"end":{"line":30,"column":3}},"type":"if","locations":[{"start":{"line":28,"column":2},"end":{"line":30,"column":3}},{"start":{},"end":{}}],"line":28},"6":{"loc":{"start":{"line":42,"column":9},"end":{"line":42,"column":45}},"type":"cond-expr","locations":[{"start":{"line":42,"column":29},"end":{"line":42,"column":38}},{"start":{"line":42,"column":41},"end":{"line":42,"column":45}}],"line":42},"7":{"loc":{"start":{"line":87,"column":2},"end":{"line":89,"column":3}},"type":"if","locations":[{"start":{"line":87,"column":2},"end":{"line":89,"column":3}},{"start":{},"end":{}}],"line":87},"8":{"loc":{"start":{"line":132,"column":9},"end":{"line":132,"column":46}},"type":"binary-expr","locations":[{"start":{"line":132,"column":9},"end":{"line":132,"column":38}},{"start":{"line":132,"column":42},"end":{"line":132,"column":46}}],"line":132},"9":{"loc":{"start":{"line":137,"column":9},"end":{"line":137,"column":26}},"type":"binary-expr","locations":[{"start":{"line":137,"column":9},"end":{"line":137,"column":18}},{"start":{"line":137,"column":22},"end":{"line":137,"column":26}}],"line":137}},"s":{"0":1,"1":0,"2":0,"3":0,"4":0,"5":0,"6":0,"7":0,"8":0,"9":0,"10":0,"11":0,"12":0,"13":0,"14":0,"15":0,"16":0,"17":1,"18":0,"19":0,"20":0,"21":0,"22":0,"23":0,"24":0},"f":{"0":1,"1":0,"2":0,"3":0,"4":1,"5":0,"6":0},"b":{"0":[0,0],"1":[0,0],"2":[0,0],"3":[0,0,0],"4":[0,0],"5":[0,0],"6":[0,0],"7":[0,0],"8":[0,0],"9":[0,0]},"_coverageSchema":"1a1c01bbd47fc00a2c39e90264f33305004495a9","hash":"0859d896f5194258483ddfdb593471fe58b3635d"}
,"C:\\Projects\\VibeKit\\lib\\db\\schema.ts": {"path":"C:\\Projects\\VibeKit\\lib\\db\\schema.ts","statementMap":{"0":{"start":{"line":4,"column":21},"end":{"line":13,"column":14}},"1":{"start":{"line":15,"column":21},"end":{"line":25,"column":14}},"2":{"start":{"line":27,"column":28},"end":{"line":37,"column":14}},"3":{"start":{"line":31,"column":22},"end":{"line":31,"column":30}},"4":{"start":{"line":34,"column":22},"end":{"line":34,"column":30}},"5":{"start":{"line":39,"column":21},"end":{"line":46,"column":14}},"6":{"start":{"line":41,"column":47},"end":{"line":41,"column":55}},"7":{"start":{"line":42,"column":47},"end":{"line":42,"column":55}},"8":{"start":{"line":48,"column":29},"end":{"line":57,"column":14}},"9":{"start":{"line":52,"column":22},"end":{"line":52,"column":30}},"10":{"start":{"line":53,"column":47},"end":{"line":53,"column":55}},"11":{"start":{"line":59,"column":27},"end":{"line":71,"column":14}},"12":{"start":{"line":63,"column":22},"end":{"line":63,"column":30}},"13":{"start":{"line":68,"column":22},"end":{"line":68,"column":30}},"14":{"start":{"line":73,"column":30},"end":{"line":77,"column":3}},"15":{"start":{"line":73,"column":62},"end":{"line":77,"column":1}},"16":{"start":{"line":79,"column":30},"end":{"line":82,"column":3}},"17":{"start":{"line":79,"column":62},"end":{"line":82,"column":1}},"18":{"start":{"line":84,"column":36},"end":{"line":93,"column":3}},"19":{"start":{"line":84,"column":73},"end":{"line":93,"column":1}},"20":{"start":{"line":95,"column":36},"end":{"line":104,"column":3}},"21":{"start":{"line":95,"column":74},"end":{"line":104,"column":1}},"22":{"start":{"line":106,"column":39},"end":{"line":115,"column":3}},"23":{"start":{"line":106,"column":78},"end":{"line":115,"column":1}}},"fnMap":{"0":{"name":"(anonymous_0)","decl":{"start":{"line":31,"column":16},"end":{"line":31,"column":17}},"loc":{"start":{"line":31,"column":22},"end":{"line":31,"column":30}},"line":31},"1":{"name":"(anonymous_1)","decl":{"start":{"line":34,"column":16},"end":{"line":34,"column":17}},"loc":{"start":{"line":34,"column":22},"end":{"line":34,"column":30}},"line":34},"2":{"name":"(anonymous_2)","decl":{"start":{"line":41,"column":41},"end":{"line":41,"column":42}},"loc":{"start":{"line":41,"column":47},"end":{"line":41,"column":55}},"line":41},"3":{"name":"(anonymous_3)","decl":{"start":{"line":42,"column":41},"end":{"line":42,"column":42}},"loc":{"start":{"line":42,"column":47},"end":{"line":42,"column":55}},"line":42},"4":{"name":"(anonymous_4)","decl":{"start":{"line":52,"column":16},"end":{"line":52,"column":17}},"loc":{"start":{"line":52,"column":22},"end":{"line":52,"column":30}},"line":52},"5":{"name":"(anonymous_5)","decl":{"start":{"line":53,"column":41},"end":{"line":53,"column":42}},"loc":{"start":{"line":53,"column":47},"end":{"line":53,"column":55}},"line":53},"6":{"name":"(anonymous_6)","decl":{"start":{"line":63,"column":16},"end":{"line":63,"column":17}},"loc":{"start":{"line":63,"column":22},"end":{"line":63,"column":30}},"line":63},"7":{"name":"(anonymous_7)","decl":{"start":{"line":68,"column":16},"end":{"line":68,"column":17}},"loc":{"start":{"line":68,"column":22},"end":{"line":68,"column":30}},"line":68},"8":{"name":"(anonymous_8)","decl":{"start":{"line":73,"column":47},"end":{"line":73,"column":48}},"loc":{"start":{"line":73,"column":62},"end":{"line":77,"column":1}},"line":73},"9":{"name":"(anonymous_9)","decl":{"start":{"line":79,"column":47},"end":{"line":79,"column":48}},"loc":{"start":{"line":79,"column":62},"end":{"line":82,"column":1}},"line":79},"10":{"name":"(anonymous_10)","decl":{"start":{"line":84,"column":59},"end":{"line":84,"column":60}},"loc":{"start":{"line":84,"column":73},"end":{"line":93,"column":1}},"line":84},"11":{"name":"(anonymous_11)","decl":{"start":{"line":95,"column":60},"end":{"line":95,"column":61}},"loc":{"start":{"line":95,"column":74},"end":{"line":104,"column":1}},"line":95},"12":{"name":"(anonymous_12)","decl":{"start":{"line":106,"column":64},"end":{"line":106,"column":65}},"loc":{"start":{"line":106,"column":78},"end":{"line":115,"column":1}},"line":106}},"branchMap":{},"s":{"0":5,"1":5,"2":5,"3":0,"4":0,"5":5,"6":0,"7":0,"8":5,"9":0,"10":0,"11":5,"12":0,"13":0,"14":5,"15":5,"16":5,"17":5,"18":5,"19":5,"20":5,"21":5,"22":5,"23":5},"f":{"0":0,"1":0,"2":0,"3":0,"4":0,"5":0,"6":0,"7":0,"8":5,"9":5,"10":5,"11":5,"12":5},"b":{},"_coverageSchema":"1a1c01bbd47fc00a2c39e90264f33305004495a9","hash":"ac2d50e6e69d9e0dbc59f03872041222f25ee880"}
,"C:\\Projects\\VibeKit\\lib\\payments\\stripe.ts": {"path":"C:\\Projects\\VibeKit\\lib\\payments\\stripe.ts","statementMap":{"0":{"start":{"line":9,"column":0},"end":{"line":9,"column":10}},"1":{"start":{"line":11,"column":22},"end":{"line":13,"column":2}},"2":{"start":{"line":22,"column":15},"end":{"line":22,"column":30}},"3":{"start":{"line":24,"column":2},"end":{"line":26,"column":3}},"4":{"start":{"line":25,"column":4},"end":{"line":25,"column":62}},"5":{"start":{"line":28,"column":18},"end":{"line":45,"column":4}},"6":{"start":{"line":47,"column":2},"end":{"line":47,"column":25}},"7":{"start":{"line":51,"column":2},"end":{"line":53,"column":3}},"8":{"start":{"line":52,"column":4},"end":{"line":52,"column":25}},"9":{"start":{"line":56,"column":25},"end":{"line":56,"column":73}},"10":{"start":{"line":58,"column":2},"end":{"line":103,"column":3}},"11":{"start":{"line":59,"column":4},"end":{"line":59,"column":43}},"12":{"start":{"line":61,"column":20},"end":{"line":61,"column":74}},"13":{"start":{"line":62,"column":4},"end":{"line":64,"column":5}},"14":{"start":{"line":63,"column":6},"end":{"line":63,"column":64}},"15":{"start":{"line":66,"column":19},"end":{"line":69,"column":6}},"16":{"start":{"line":70,"column":4},"end":{"line":72,"column":5}},"17":{"start":{"line":71,"column":6},"end":{"line":71,"column":71}},"18":{"start":{"line":74,"column":4},"end":{"line":102,"column":7}},"19":{"start":{"line":86,"column":49},"end":{"line":86,"column":57}},"20":{"start":{"line":105,"column":2},"end":{"line":109,"column":5}},"21":{"start":{"line":113,"column":21},"end":{"line":113,"column":52}},"22":{"start":{"line":114,"column":25},"end":{"line":114,"column":40}},"23":{"start":{"line":115,"column":17},"end":{"line":115,"column":36}},"24":{"start":{"line":117,"column":15},"end":{"line":117,"column":58}},"25":{"start":{"line":119,"column":2},"end":{"line":122,"column":3}},"26":{"start":{"line":120,"column":4},"end":{"line":120,"column":69}},"27":{"start":{"line":121,"column":4},"end":{"line":121,"column":11}},"28":{"start":{"line":124,"column":2},"end":{"line":139,"column":3}},"29":{"start":{"line":125,"column":17},"end":{"line":125,"column":49}},"30":{"start":{"line":126,"column":4},"end":{"line":131,"column":7}},"31":{"start":{"line":132,"column":9},"end":{"line":139,"column":3}},"32":{"start":{"line":133,"column":4},"end":{"line":138,"column":7}},"33":{"start":{"line":143,"column":17},"end":{"line":147,"column":4}},"34":{"start":{"line":149,"column":2},"end":{"line":156,"column":6}},"35":{"start":{"line":149,"column":37},"end":{"line":156,"column":3}},"36":{"start":{"line":160,"column":19},"end":{"line":163,"column":4}},"37":{"start":{"line":165,"column":2},"end":{"line":171,"column":6}},"38":{"start":{"line":165,"column":41},"end":{"line":171,"column":3}}},"fnMap":{"0":{"name":"createCheckoutSession","decl":{"start":{"line":15,"column":22},"end":{"line":15,"column":43}},"loc":{"start":{"line":21,"column":3},"end":{"line":48,"column":1}},"line":21},"1":{"name":"createCustomerPortalSession","decl":{"start":{"line":50,"column":22},"end":{"line":50,"column":49}},"loc":{"start":{"line":50,"column":62},"end":{"line":110,"column":1}},"line":50},"2":{"name":"(anonymous_2)","decl":{"start":{"line":86,"column":38},"end":{"line":86,"column":39}},"loc":{"start":{"line":86,"column":49},"end":{"line":86,"column":57}},"line":86},"3":{"name":"handleSubscriptionChange","decl":{"start":{"line":112,"column":22},"end":{"line":112,"column":46}},"loc":{"start":{"line":112,"column":82},"end":{"line":140,"column":1}},"line":112},"4":{"name":"getStripePrices","decl":{"start":{"line":142,"column":22},"end":{"line":142,"column":37}},"loc":{"start":{"line":142,"column":40},"end":{"line":157,"column":1}},"line":142},"5":{"name":"(anonymous_5)","decl":{"start":{"line":149,"column":25},"end":{"line":149,"column":26}},"loc":{"start":{"line":149,"column":37},"end":{"line":156,"column":3}},"line":149},"6":{"name":"getStripeProducts","decl":{"start":{"line":159,"column":22},"end":{"line":159,"column":39}},"loc":{"start":{"line":159,"column":42},"end":{"line":172,"column":1}},"line":159},"7":{"name":"(anonymous_7)","decl":{"start":{"line":165,"column":27},"end":{"line":165,"column":28}},"loc":{"start":{"line":165,"column":41},"end":{"line":171,"column":3}},"line":165}},"branchMap":{"0":{"loc":{"start":{"line":24,"column":2},"end":{"line":26,"column":3}},"type":"if","locations":[{"start":{"line":24,"column":2},"end":{"line":26,"column":3}},{"start":{},"end":{}}],"line":24},"1":{"loc":{"start":{"line":24,"column":6},"end":{"line":24,"column":20}},"type":"binary-expr","locations":[{"start":{"line":24,"column":6},"end":{"line":24,"column":11}},{"start":{"line":24,"column":15},"end":{"line":24,"column":20}}],"line":24},"2":{"loc":{"start":{"line":39,"column":14},"end":{"line":39,"column":50}},"type":"binary-expr","locations":[{"start":{"line":39,"column":14},"end":{"line":39,"column":37}},{"start":{"line":39,"column":41},"end":{"line":39,"column":50}}],"line":39},"3":{"loc":{"start":{"line":51,"column":2},"end":{"line":53,"column":3}},"type":"if","locations":[{"start":{"line":51,"column":2},"end":{"line":53,"column":3}},{"start":{},"end":{}}],"line":51},"4":{"loc":{"start":{"line":51,"column":6},"end":{"line":51,"column":57}},"type":"binary-expr","locations":[{"start":{"line":51,"column":6},"end":{"line":51,"column":30}},{"start":{"line":51,"column":34},"end":{"line":51,"column":57}}],"line":51},"5":{"loc":{"start":{"line":58,"column":2},"end":{"line":103,"column":3}},"type":"if","locations":[{"start":{"line":58,"column":2},"end":{"line":103,"column":3}},{"start":{"line":60,"column":9},"end":{"line":103,"column":3}}],"line":58},"6":{"loc":{"start":{"line":62,"column":4},"end":{"line":64,"column":5}},"type":"if","locations":[{"start":{"line":62,"column":4},"end":{"line":64,"column":5}},{"start":{},"end":{}}],"line":62},"7":{"loc":{"start":{"line":70,"column":4},"end":{"line":72,"column":5}},"type":"if","locations":[{"start":{"line":70,"column":4},"end":{"line":72,"column":5}},{"start":{},"end":{}}],"line":70},"8":{"loc":{"start":{"line":119,"column":2},"end":{"line":122,"column":3}},"type":"if","locations":[{"start":{"line":119,"column":2},"end":{"line":122,"column":3}},{"start":{},"end":{}}],"line":119},"9":{"loc":{"start":{"line":124,"column":2},"end":{"line":139,"column":3}},"type":"if","locations":[{"start":{"line":124,"column":2},"end":{"line":139,"column":3}},{"start":{"line":132,"column":9},"end":{"line":139,"column":3}}],"line":124},"10":{"loc":{"start":{"line":124,"column":6},"end":{"line":124,"column":50}},"type":"binary-expr","locations":[{"start":{"line":124,"column":6},"end":{"line":124,"column":25}},{"start":{"line":124,"column":29},"end":{"line":124,"column":50}}],"line":124},"11":{"loc":{"start":{"line":132,"column":9},"end":{"line":139,"column":3}},"type":"if","locations":[{"start":{"line":132,"column":9},"end":{"line":139,"column":3}},{"start":{},"end":{}}],"line":132},"12":{"loc":{"start":{"line":132,"column":13},"end":{"line":132,"column":57}},"type":"binary-expr","locations":[{"start":{"line":132,"column":13},"end":{"line":132,"column":34}},{"start":{"line":132,"column":38},"end":{"line":132,"column":57}}],"line":132},"13":{"loc":{"start":{"line":151,"column":15},"end":{"line":151,"column":83}},"type":"cond-expr","locations":[{"start":{"line":151,"column":51},"end":{"line":151,"column":64}},{"start":{"line":151,"column":67},"end":{"line":151,"column":83}}],"line":151},"14":{"loc":{"start":{"line":170,"column":6},"end":{"line":170,"column":99}},"type":"cond-expr","locations":[{"start":{"line":170,"column":50},"end":{"line":170,"column":71}},{"start":{"line":170,"column":74},"end":{"line":170,"column":99}}],"line":170}},"s":{"0":2,"1":2,"2":0,"3":0,"4":0,"5":0,"6":0,"7":0,"8":0,"9":0,"10":0,"11":0,"12":0,"13":0,"14":0,"15":0,"16":0,"17":0,"18":0,"19":0,"20":0,"21":0,"22":0,"23":0,"24":0,"25":0,"26":0,"27":0,"28":0,"29":0,"30":0,"31":0,"32":0,"33":0,"34":0,"35":0,"36":0,"37":0,"38":0},"f":{"0":0,"1":0,"2":0,"3":0,"4":0,"5":0,"6":0,"7":0},"b":{"0":[0,0],"1":[0,0],"2":[0,0],"3":[0,0],"4":[0,0],"5":[0,0],"6":[0,0],"7":[0,0],"8":[0,0],"9":[0,0],"10":[0,0],"11":[0,0],"12":[0,0],"13":[0,0],"14":[0,0]},"_coverageSchema":"1a1c01bbd47fc00a2c39e90264f33305004495a9","hash":"6f6786784baf4358d95bd14e3f2cf8621b8b7af2"}
,"C:\\Projects\\VibeKit\\lib\\utils\\storage.ts": {"path":"C:\\Projects\\VibeKit\\lib\\utils\\storage.ts","statementMap":{"0":{"start":{"line":4,"column":2},"end":{"line":4,"column":39}}},"fnMap":{"0":{"name":"getStorage","decl":{"start":{"line":3,"column":16},"end":{"line":3,"column":26}},"loc":{"start":{"line":3,"column":43},"end":{"line":5,"column":1}},"line":3}},"branchMap":{},"s":{"0":2},"f":{"0":2},"b":{},"_coverageSchema":"1a1c01bbd47fc00a2c39e90264f33305004495a9","hash":"f63544b6632d994667da0c417af434a3461772eb"}
,"C:\\Projects\\VibeKit\\modules\\prompts\\client.ts": {"path":"C:\\Projects\\VibeKit\\modules\\prompts\\client.ts","statementMap":{"0":{"start":{"line":3,"column":28},"end":{"line":3,"column":30}},"1":{"start":{"line":4,"column":13},"end":{"line":4,"column":14}},"2":{"start":{"line":10,"column":2},"end":{"line":10,"column":57}},"3":{"start":{"line":10,"column":35},"end":{"line":10,"column":55}},"4":{"start":{"line":24,"column":16},"end":{"line":24,"column":63}},"5":{"start":{"line":24,"column":42},"end":{"line":24,"column":62}},"6":{"start":{"line":25,"column":2},"end":{"line":27,"column":3}},"7":{"start":{"line":26,"column":4},"end":{"line":26,"column":72}},"8":{"start":{"line":26,"column":36},"end":{"line":26,"column":70}},"9":{"start":{"line":28,"column":15},"end":{"line":28,"column":36}},"10":{"start":{"line":29,"column":13},"end":{"line":29,"column":32}},"11":{"start":{"line":30,"column":15},"end":{"line":30,"column":42}},"12":{"start":{"line":31,"column":16},"end":{"line":31,"column":30}},"13":{"start":{"line":32,"column":2},"end":{"line":32,"column":25}},"14":{"start":{"line":36,"column":28},"end":{"line":36,"column":94}},"15":{"start":{"line":37,"column":2},"end":{"line":37,"column":30}},"16":{"start":{"line":38,"column":2},"end":{"line":38,"column":21}},"17":{"start":{"line":42,"column":2},"end":{"line":42,"column":55}},"18":{"start":{"line":42,"column":42},"end":{"line":42,"column":53}}},"fnMap":{"0":{"name":"getPrompts","decl":{"start":{"line":8,"column":22},"end":{"line":8,"column":32}},"loc":{"start":{"line":8,"column":49},"end":{"line":11,"column":1}},"line":8},"1":{"name":"(anonymous_1)","decl":{"start":{"line":10,"column":28},"end":{"line":10,"column":29}},"loc":{"start":{"line":10,"column":35},"end":{"line":10,"column":55}},"line":10},"2":{"name":"fetchPrompts","decl":{"start":{"line":13,"column":22},"end":{"line":13,"column":34}},"loc":{"start":{"line":23,"column":48},"end":{"line":33,"column":1}},"line":23},"3":{"name":"(anonymous_3)","decl":{"start":{"line":24,"column":35},"end":{"line":24,"column":36}},"loc":{"start":{"line":24,"column":42},"end":{"line":24,"column":62}},"line":24},"4":{"name":"(anonymous_4)","decl":{"start":{"line":26,"column":29},"end":{"line":26,"column":30}},"loc":{"start":{"line":26,"column":36},"end":{"line":26,"column":70}},"line":26},"5":{"name":"addPrompt","decl":{"start":{"line":35,"column":22},"end":{"line":35,"column":31}},"loc":{"start":{"line":35,"column":92},"end":{"line":39,"column":1}},"line":35},"6":{"name":"deletePrompt","decl":{"start":{"line":41,"column":22},"end":{"line":41,"column":34}},"loc":{"start":{"line":41,"column":47},"end":{"line":43,"column":1}},"line":41},"7":{"name":"(anonymous_7)","decl":{"start":{"line":42,"column":35},"end":{"line":42,"column":36}},"loc":{"start":{"line":42,"column":42},"end":{"line":42,"column":53}},"line":42}},"branchMap":{"0":{"loc":{"start":{"line":25,"column":2},"end":{"line":27,"column":3}},"type":"if","locations":[{"start":{"line":25,"column":2},"end":{"line":27,"column":3}},{"start":{},"end":{}}],"line":25}},"s":{"0":1,"1":1,"2":1,"3":1,"4":0,"5":0,"6":0,"7":0,"8":0,"9":0,"10":0,"11":0,"12":0,"13":0,"14":1,"15":1,"16":1,"17":0,"18":0},"f":{"0":1,"1":1,"2":0,"3":0,"4":0,"5":1,"6":0,"7":0},"b":{"0":[0,0]},"_coverageSchema":"1a1c01bbd47fc00a2c39e90264f33305004495a9","hash":"1772e5d44f53eda93dd96679d73c4ef1d6f5a34f"}
,"C:\\Projects\\VibeKit\\modules\\proofs\\client.ts": {"path":"C:\\Projects\\VibeKit\\modules\\proofs\\client.ts","statementMap":{"0":{"start":{"line":4,"column":15},"end":{"line":4,"column":23}},"1":{"start":{"line":7,"column":19},"end":{"line":7,"column":47}},"2":{"start":{"line":8,"column":18},"end":{"line":8,"column":36}},"3":{"start":{"line":9,"column":20},"end":{"line":9,"column":97}},"4":{"start":{"line":10,"column":2},"end":{"line":10,"column":25}},"5":{"start":{"line":10,"column":13},"end":{"line":10,"column":25}},"6":{"start":{"line":11,"column":28},"end":{"line":11,"column":58}},"7":{"start":{"line":12,"column":2},"end":{"line":12,"column":27}},"8":{"start":{"line":16,"column":18},"end":{"line":16,"column":36}},"9":{"start":{"line":17,"column":26},"end":{"line":19,"column":4}},"10":{"start":{"line":20,"column":2},"end":{"line":20,"column":25}},"11":{"start":{"line":20,"column":13},"end":{"line":20,"column":25}},"12":{"start":{"line":21,"column":2},"end":{"line":30,"column":4}},"13":{"start":{"line":23,"column":32},"end":{"line":23,"column":63}},"14":{"start":{"line":24,"column":6},"end":{"line":28,"column":8}},"15":{"start":{"line":34,"column":18},"end":{"line":34,"column":36}},"16":{"start":{"line":35,"column":26},"end":{"line":35,"column":54}},"17":{"start":{"line":36,"column":2},"end":{"line":36,"column":25}},"18":{"start":{"line":36,"column":13},"end":{"line":36,"column":25}},"19":{"start":{"line":37,"column":2},"end":{"line":37,"column":14}}},"fnMap":{"0":{"name":"uploadProof","decl":{"start":{"line":6,"column":22},"end":{"line":6,"column":33}},"loc":{"start":{"line":6,"column":63},"end":{"line":13,"column":1}},"line":6},"1":{"name":"listProofs","decl":{"start":{"line":15,"column":22},"end":{"line":15,"column":32}},"loc":{"start":{"line":15,"column":95},"end":{"line":31,"column":1}},"line":15},"2":{"name":"(anonymous_2)","decl":{"start":{"line":22,"column":14},"end":{"line":22,"column":15}},"loc":{"start":{"line":22,"column":24},"end":{"line":29,"column":5}},"line":22},"3":{"name":"downloadProof","decl":{"start":{"line":33,"column":22},"end":{"line":33,"column":35}},"loc":{"start":{"line":33,"column":50},"end":{"line":38,"column":1}},"line":33}},"branchMap":{"0":{"loc":{"start":{"line":10,"column":2},"end":{"line":10,"column":25}},"type":"if","locations":[{"start":{"line":10,"column":2},"end":{"line":10,"column":25}},{"start":{},"end":{}}],"line":10},"1":{"loc":{"start":{"line":20,"column":2},"end":{"line":20,"column":25}},"type":"if","locations":[{"start":{"line":20,"column":2},"end":{"line":20,"column":25}},{"start":{},"end":{}}],"line":20},"2":{"loc":{"start":{"line":22,"column":4},"end":{"line":29,"column":12}},"type":"binary-expr","locations":[{"start":{"line":22,"column":4},"end":{"line":29,"column":6}},{"start":{"line":29,"column":10},"end":{"line":29,"column":12}}],"line":22},"3":{"loc":{"start":{"line":25,"column":12},"end":{"line":25,"column":32}},"type":"binary-expr","locations":[{"start":{"line":25,"column":12},"end":{"line":25,"column":19}},{"start":{"line":25,"column":23},"end":{"line":25,"column":32}}],"line":25},"4":{"loc":{"start":{"line":27,"column":20},"end":{"line":27,"column":41}},"type":"binary-expr","locations":[{"start":{"line":27,"column":20},"end":{"line":27,"column":35}},{"start":{"line":27,"column":39},"end":{"line":27,"column":41}}],"line":27},"5":{"loc":{"start":{"line":36,"column":2},"end":{"line":36,"column":25}},"type":"if","locations":[{"start":{"line":36,"column":2},"end":{"line":36,"column":25}},{"start":{},"end":{}}],"line":36}},"s":{"0":1,"1":1,"2":1,"3":1,"4":1,"5":0,"6":1,"7":1,"8":1,"9":1,"10":1,"11":0,"12":1,"13":1,"14":1,"15":0,"16":0,"17":0,"18":0,"19":0},"f":{"0":1,"1":1,"2":1,"3":0},"b":{"0":[0,1],"1":[0,1],"2":[1,0],"3":[1,0],"4":[1,0],"5":[0,0]},"_coverageSchema":"1a1c01bbd47fc00a2c39e90264f33305004495a9","hash":"cef330d8ebe1c50748ede1a02f2fa628e8f67ef6"}
}
