TN:
SF:middleware.ts
FN:15,refillTokens
FN:24,middleware
FN:36,(anonymous_2)
FN:67,(anonymous_3)
FNF:4
FNH:1
FNDA:0,refillTokens
FNDA:2,middleware
FNDA:0,(anonymous_2)
FNDA:0,(anonymous_3)
DA:6,1
DA:7,1
DA:8,1
DA:9,1
DA:10,1
DA:11,1
DA:13,1
DA:16,0
DA:17,0
DA:18,0
DA:19,0
DA:20,0
DA:25,2
DA:27,2
DA:28,1
DA:34,1
DA:35,0
DA:36,0
DA:37,0
DA:38,0
DA:40,1
DA:41,1
DA:44,0
DA:45,0
DA:46,0
DA:47,0
DA:48,0
DA:49,0
DA:51,0
DA:53,0
DA:54,0
DA:56,0
DA:57,0
DA:58,0
DA:59,0
DA:60,0
DA:61,0
DA:64,0
DA:65,0
DA:66,0
DA:67,0
DA:68,0
DA:69,0
DA:70,0
DA:72,0
DA:73,0
DA:74,0
DA:75,0
DA:78,0
DA:80,0
DA:83,1
DA:84,1
DA:86,1
DA:87,1
DA:90,0
DA:92,0
DA:93,0
DA:94,0
DA:95,0
DA:97,0
DA:109,0
DA:110,0
DA:111,0
DA:112,0
DA:117,0
DA:120,1
LF:66
LH:18
BRDA:18,0,0,0
BRDA:18,0,1,0
BRDA:27,1,0,1
BRDA:27,1,1,1
BRDA:34,2,0,0
BRDA:34,2,1,1
BRDA:40,3,0,1
BRDA:40,3,1,0
BRDA:44,4,0,0
BRDA:44,4,1,0
BRDA:47,5,0,0
BRDA:47,5,1,0
BRDA:53,6,0,0
BRDA:53,6,1,0
BRDA:72,7,0,0
BRDA:72,7,1,0
BRDA:74,8,0,0
BRDA:74,8,1,0
BRDA:86,9,0,1
BRDA:86,9,1,0
BRDA:86,10,0,1
BRDA:86,10,1,1
BRDA:92,11,0,0
BRDA:92,11,1,0
BRDA:92,12,0,0
BRDA:92,12,1,0
BRDA:111,13,0,0
BRDA:111,13,1,0
BRF:28
BRH:7
end_of_record
TN:
SF:app\api\stripe\checkout\route.ts
FN:10,POST
FNF:1
FNH:1
FNDA:1,POST
DA:11,1
DA:12,0
DA:13,0
DA:16,0
DA:17,0
DA:18,0
DA:21,0
DA:22,0
DA:31,0
DA:33,0
DA:34,0
LF:11
LH:1
BRDA:12,0,0,0
BRDA:12,0,1,0
BRDA:17,1,0,0
BRDA:17,1,1,0
BRDA:31,2,0,0
BRDA:31,2,1,0
BRF:6
BRH:0
end_of_record
TN:
SF:app\api\stripe\webhook\route.ts
FN:11,POST
FNF:1
FNH:0
FNDA:0,POST
DA:5,1
DA:6,1
DA:7,0
DA:8,0
DA:12,0
DA:13,0
DA:17,0
DA:18,0
DA:20,0
DA:21,0
DA:24,0
DA:27,0
DA:28,0
DA:29,0
DA:31,0
DA:32,0
DA:33,0
DA:34,0
DA:37,0
DA:39,0
DA:42,0
DA:44,0
DA:47,0
DA:50,0
LF:24
LH:2
BRDA:6,0,0,0
BRDA:6,0,1,1
BRDA:24,1,0,0
BRDA:24,1,1,0
BRDA:24,1,2,0
BRDA:24,1,3,0
BRDA:32,2,0,0
BRDA:32,2,1,0
BRF:8
BRH:1
end_of_record
TN:
SF:app\api\usage\route.ts
FN:7,GET
FN:33,(anonymous_1)
FNF:2
FNH:1
FNDA:1,GET
FNDA:0,(anonymous_1)
DA:8,1
DA:9,1
DA:10,1
DA:11,1
DA:12,1
DA:13,1
DA:14,1
DA:15,1
DA:16,0
DA:19,1
DA:20,1
DA:21,1
DA:22,1
DA:23,1
DA:25,1
DA:33,0
DA:42,0
LF:17
LH:14
BRDA:11,0,0,1
BRDA:11,0,1,1
BRDA:12,1,0,1
BRDA:12,1,1,1
BRDA:15,2,0,0
BRDA:15,2,1,1
BRDA:15,3,0,1
BRDA:15,3,1,0
BRDA:20,4,0,1
BRDA:20,4,1,0
BRDA:21,5,0,0
BRDA:21,5,1,1
BRDA:22,6,0,0
BRDA:22,6,1,1
BRDA:23,7,0,0
BRDA:23,7,1,1
BRDA:28,8,0,0
BRDA:28,8,1,1
BRDA:35,9,0,0
BRDA:35,9,1,0
BRDA:36,10,0,0
BRDA:36,10,1,0
BRDA:39,11,0,0
BRDA:39,11,1,0
BRF:24
BRH:11
end_of_record
TN:
SF:config\env.ts
FN:33,(anonymous_0)
FN:36,loadEnv
FNF:2
FNH:2
FNDA:14,(anonymous_0)
FNDA:14,loadEnv
DA:23,6
DA:33,14
DA:37,14
DA:38,14
DA:39,0
DA:40,0
DA:42,14
LF:7
LH:5
BRDA:38,0,0,0
BRDA:38,0,1,14
BRF:2
BRH:1
end_of_record
TN:
SF:lib\auth\session.ts
FN:13,hashPassword
FN:17,comparePasswords
FN:26,signToken
FN:34,verifyToken
FN:41,getSession
FN:47,setSession
FNF:6
FNH:1
FNDA:0,hashPassword
FNDA:0,comparePasswords
FNDA:0,signToken
FNDA:0,verifyToken
FNDA:1,getSession
FNDA:0,setSession
DA:8,5
DA:10,5
DA:11,5
DA:14,0
DA:18,0
DA:27,0
DA:35,0
DA:38,0
DA:42,1
DA:43,0
DA:44,0
DA:48,0
DA:49,0
DA:53,0
DA:54,0
LF:15
LH:4
BRDA:43,0,0,0
BRDA:43,0,1,0
BRF:2
BRH:0
end_of_record
TN:
SF:lib\db\drizzle.ts
FNF:0
FNH:0
DA:7,5
DA:9,5
DA:10,0
DA:13,5
DA:14,5
LF:5
LH:4
BRDA:9,0,0,0
BRDA:9,0,1,5
BRF:2
BRH:1
end_of_record
TN:
SF:lib\db\queries.ts
FN:7,getUser
FN:35,getTeamByStripeCustomerId
FN:45,updateTeamSubscription
FN:71,getUserWithTeam
FN:85,getActivityLogs
FN:106,getTeamForUser
FN:135,getUserByEmail
FNF:7
FNH:2
FNDA:1,getUser
FNDA:0,getTeamByStripeCustomerId
FNDA:0,updateTeamSubscription
FNDA:0,getUserWithTeam
FNDA:1,getActivityLogs
FNDA:0,getTeamForUser
FNDA:0,getUserByEmail
DA:8,1
DA:9,0
DA:10,0
DA:13,0
DA:14,0
DA:15,0
DA:18,0
DA:19,0
DA:22,0
DA:28,0
DA:29,0
DA:32,0
DA:36,0
DA:42,0
DA:59,0
DA:72,0
DA:82,0
DA:86,1
DA:87,0
DA:88,0
DA:91,0
DA:107,0
DA:132,0
DA:136,0
DA:137,0
LF:25
LH:2
BRDA:9,0,0,0
BRDA:9,0,1,0
BRDA:9,1,0,0
BRDA:9,1,1,0
BRDA:14,2,0,0
BRDA:14,2,1,0
BRDA:14,3,0,0
BRDA:14,3,1,0
BRDA:14,3,2,0
BRDA:18,4,0,0
BRDA:18,4,1,0
BRDA:28,5,0,0
BRDA:28,5,1,0
BRDA:42,6,0,0
BRDA:42,6,1,0
BRDA:87,7,0,0
BRDA:87,7,1,0
BRDA:132,8,0,0
BRDA:132,8,1,0
BRDA:137,9,0,0
BRDA:137,9,1,0
BRF:21
BRH:0
end_of_record
TN:
SF:lib\db\schema.ts
FN:31,(anonymous_0)
FN:34,(anonymous_1)
FN:41,(anonymous_2)
FN:42,(anonymous_3)
FN:52,(anonymous_4)
FN:53,(anonymous_5)
FN:63,(anonymous_6)
FN:68,(anonymous_7)
FN:73,(anonymous_8)
FN:79,(anonymous_9)
FN:84,(anonymous_10)
FN:95,(anonymous_11)
FN:106,(anonymous_12)
FNF:13
FNH:5
FNDA:0,(anonymous_0)
FNDA:0,(anonymous_1)
FNDA:0,(anonymous_2)
FNDA:0,(anonymous_3)
FNDA:0,(anonymous_4)
FNDA:0,(anonymous_5)
FNDA:0,(anonymous_6)
FNDA:0,(anonymous_7)
FNDA:5,(anonymous_8)
FNDA:5,(anonymous_9)
FNDA:5,(anonymous_10)
FNDA:5,(anonymous_11)
FNDA:5,(anonymous_12)
DA:4,5
DA:15,5
DA:27,5
DA:31,0
DA:34,0
DA:39,5
DA:41,0
DA:42,0
DA:48,5
DA:52,0
DA:53,0
DA:59,5
DA:63,0
DA:68,0
DA:73,5
DA:79,5
DA:84,5
DA:95,5
DA:106,5
LF:19
LH:11
BRF:0
BRH:0
end_of_record
TN:
SF:lib\payments\stripe.ts
FN:15,createCheckoutSession
FN:50,createCustomerPortalSession
FN:86,(anonymous_2)
FN:112,handleSubscriptionChange
FN:142,getStripePrices
FN:149,(anonymous_5)
FN:159,getStripeProducts
FN:165,(anonymous_7)
FNF:8
FNH:0
FNDA:0,createCheckoutSession
FNDA:0,createCustomerPortalSession
FNDA:0,(anonymous_2)
FNDA:0,handleSubscriptionChange
FNDA:0,getStripePrices
FNDA:0,(anonymous_5)
FNDA:0,getStripeProducts
FNDA:0,(anonymous_7)
DA:9,2
DA:11,2
DA:22,0
DA:24,0
DA:25,0
DA:28,0
DA:47,0
DA:51,0
DA:52,0
DA:56,0
DA:58,0
DA:59,0
DA:61,0
DA:62,0
DA:63,0
DA:66,0
DA:70,0
DA:71,0
DA:74,0
DA:86,0
DA:105,0
DA:113,0
DA:114,0
DA:115,0
DA:117,0
DA:119,0
DA:120,0
DA:121,0
DA:124,0
DA:125,0
DA:126,0
DA:132,0
DA:133,0
DA:143,0
DA:149,0
DA:160,0
DA:165,0
LF:37
LH:2
BRDA:24,0,0,0
BRDA:24,0,1,0
BRDA:24,1,0,0
BRDA:24,1,1,0
BRDA:39,2,0,0
BRDA:39,2,1,0
BRDA:51,3,0,0
BRDA:51,3,1,0
BRDA:51,4,0,0
BRDA:51,4,1,0
BRDA:58,5,0,0
BRDA:58,5,1,0
BRDA:62,6,0,0
BRDA:62,6,1,0
BRDA:70,7,0,0
BRDA:70,7,1,0
BRDA:119,8,0,0
BRDA:119,8,1,0
BRDA:124,9,0,0
BRDA:124,9,1,0
BRDA:124,10,0,0
BRDA:124,10,1,0
BRDA:132,11,0,0
BRDA:132,11,1,0
BRDA:132,12,0,0
BRDA:132,12,1,0
BRDA:151,13,0,0
BRDA:151,13,1,0
BRDA:170,14,0,0
BRDA:170,14,1,0
BRF:30
BRH:0
end_of_record
TN:
SF:lib\utils\storage.ts
FN:3,getStorage
FNF:1
FNH:1
FNDA:2,getStorage
DA:4,2
LF:1
LH:1
BRF:0
BRH:0
end_of_record
TN:
SF:modules\prompts\client.ts
FN:8,getPrompts
FN:10,(anonymous_1)
FN:13,fetchPrompts
FN:24,(anonymous_3)
FN:26,(anonymous_4)
FN:35,addPrompt
FN:41,deletePrompt
FN:42,(anonymous_7)
FNF:8
FNH:3
FNDA:1,getPrompts
FNDA:1,(anonymous_1)
FNDA:0,fetchPrompts
FNDA:0,(anonymous_3)
FNDA:0,(anonymous_4)
FNDA:1,addPrompt
FNDA:0,deletePrompt
FNDA:0,(anonymous_7)
DA:3,1
DA:4,1
DA:10,1
DA:24,0
DA:25,0
DA:26,0
DA:28,0
DA:29,0
DA:30,0
DA:31,0
DA:32,0
DA:36,1
DA:37,1
DA:38,1
DA:42,0
LF:15
LH:6
BRDA:25,0,0,0
BRDA:25,0,1,0
BRF:2
BRH:0
end_of_record
TN:
SF:modules\proofs\client.ts
FN:6,uploadProof
FN:15,listProofs
FN:22,(anonymous_2)
FN:33,downloadProof
FNF:4
FNH:3
FNDA:1,uploadProof
FNDA:1,listProofs
FNDA:1,(anonymous_2)
FNDA:0,downloadProof
DA:4,1
DA:7,1
DA:8,1
DA:9,1
DA:10,1
DA:11,1
DA:12,1
DA:16,1
DA:17,1
DA:20,1
DA:21,1
DA:23,1
DA:24,1
DA:34,0
DA:35,0
DA:36,0
DA:37,0
LF:17
LH:13
BRDA:10,0,0,0
BRDA:10,0,1,1
BRDA:20,1,0,0
BRDA:20,1,1,1
BRDA:22,2,0,1
BRDA:22,2,1,0
BRDA:25,3,0,1
BRDA:25,3,1,0
BRDA:27,4,0,1
BRDA:27,4,1,0
BRDA:36,5,0,0
BRDA:36,5,1,0
BRF:12
BRH:5
end_of_record
